<?xml version="1.0" encoding="UTF-8"?>
<!-- Generated by org.testng.reporters.JUnitReportReporter -->
<testsuite hostname="DESKTOP-2TNHHV5" failures="0" tests="1" name="test.LoginTest" time="4.050" errors="0" timestamp="2021-12-05T10:01:11 CST" skipped="0">
  <testcase classname="test.LoginTest" name="validUserShouldBeAbleToLogin" time="4.050"/>
  <system-out/>
</testsuite> <!-- test.LoginTest -->
