<?xml version="1.0" encoding="UTF-8"?>
<!-- Generated by org.testng.reporters.JUnitReportReporter -->
<testsuite hostname="DESKTOP-2TNHHV5" failures="0" tests="1" name="test.AddCustomerTest" time="9.722" errors="0" timestamp="2021-12-05T10:40:40 CST" skipped="0">
  <testcase classname="test.AddCustomerTest" name="validUserShouldBeAbleToAddCustomer" time="9.722"/>
  <system-out/>
</testsuite> <!-- test.AddCustomerTest -->
